This file contains any messages produced by compilers while
running configure, to aid debugging if configure makes a mistake.

It was created by motion configure 4.2.2, which was
generated by GNU Autoconf 2.69.  Invocation command line was

  $ ./configure 

## --------- ##
## Platform. ##
## --------- ##

hostname = amya1108eae
uname -m = armv7l
uname -r = 4.19.42-v7+
uname -s = Linux
uname -v = #1219 SMP Tue May 14 21:20:58 BST 2019

/usr/bin/uname -p = unknown
/bin/uname -X     = unknown

/bin/arch              = unknown
/usr/bin/arch -k       = unknown
/usr/convex/getsysinfo = unknown
/usr/bin/hostinfo      = unknown
/bin/machine           = unknown
/usr/bin/oslevel       = unknown
/bin/universe          = unknown

PATH: /usr/local/sbin
PATH: /usr/local/bin
PATH: /usr/sbin
PATH: /usr/bin
PATH: /sbin
PATH: /bin
PATH: /usr/local/games
PATH: /usr/games


## ----------- ##
## Core tests. ##
## ----------- ##

configure:2129: checking for gcc
configure:2145: found /usr/bin/gcc
configure:2156: result: gcc
configure:2385: checking for C compiler version
configure:2394: gcc --version >&5
gcc (Raspbian 6.3.0-18+rpi1+deb9u1) 6.3.0 20170516
Copyright (C) 2016 Free Software Foundation, Inc.
This is free software; see the source for copying conditions.  There is NO
warranty; not even for MERCHANTABILITY or FITNESS FOR A PARTICULAR PURPOSE.

configure:2405: $? = 0
configure:2394: gcc -v >&5
Using built-in specs.
COLLECT_GCC=gcc
COLLECT_LTO_WRAPPER=/usr/lib/gcc/arm-linux-gnueabihf/6/lto-wrapper
Target: arm-linux-gnueabihf
Configured with: ../src/configure -v --with-pkgversion='Raspbian 6.3.0-18+rpi1+deb9u1' --with-bugurl=file:///usr/share/doc/gcc-6/README.Bugs --enable-languages=c,ada,c++,java,go,d,fortran,objc,obj-c++ --prefix=/usr --program-suffix=-6 --program-prefix=arm-linux-gnueabihf- --enable-shared --enable-linker-build-id --libexecdir=/usr/lib --without-included-gettext --enable-threads=posix --libdir=/usr/lib --enable-nls --with-sysroot=/ --enable-clocale=gnu --enable-libstdcxx-debug --enable-libstdcxx-time=yes --with-default-libstdcxx-abi=new --enable-gnu-unique-object --disable-libitm --disable-libquadmath --enable-plugin --with-system-zlib --disable-browser-plugin --enable-java-awt=gtk --enable-gtk-cairo --with-java-home=/usr/lib/jvm/java-1.5.0-gcj-6-armhf/jre --enable-java-home --with-jvm-root-dir=/usr/lib/jvm/java-1.5.0-gcj-6-armhf --with-jvm-jar-dir=/usr/lib/jvm-exports/java-1.5.0-gcj-6-armhf --with-arch-directory=arm --with-ecj-jar=/usr/share/java/eclipse-ecj.jar --with-target-system-zlib --enable-objc-gc=auto --enable-multiarch --disable-sjlj-exceptions --with-arch=armv6 --with-fpu=vfp --with-float=hard --enable-checking=release --build=arm-linux-gnueabihf --host=arm-linux-gnueabihf --target=arm-linux-gnueabihf
Thread model: posix
gcc version 6.3.0 20170516 (Raspbian 6.3.0-18+rpi1+deb9u1) 
configure:2405: $? = 0
configure:2394: gcc -V >&5
gcc: error: unrecognized command line option '-V'
gcc: fatal error: no input files
compilation terminated.
configure:2405: $? = 1
configure:2394: gcc -qversion >&5
gcc: error: unrecognized command line option '-qversion'; did you mean '--version'?
gcc: fatal error: no input files
compilation terminated.
configure:2405: $? = 1
configure:2425: checking whether the C compiler works
configure:2447: gcc    conftest.c  >&5
configure:2451: $? = 0
configure:2499: result: yes
configure:2502: checking for C compiler default output file name
configure:2504: result: a.out
configure:2510: checking for suffix of executables
configure:2517: gcc -o conftest    conftest.c  >&5
configure:2521: $? = 0
configure:2543: result: 
configure:2565: checking whether we are cross compiling
configure:2573: gcc -o conftest    conftest.c  >&5
configure:2577: $? = 0
configure:2584: ./conftest
configure:2588: $? = 0
configure:2603: result: no
configure:2608: checking for suffix of object files
configure:2630: gcc -c   conftest.c >&5
configure:2634: $? = 0
configure:2655: result: o
configure:2659: checking whether we are using the GNU C compiler
configure:2678: gcc -c   conftest.c >&5
configure:2678: $? = 0
configure:2687: result: yes
configure:2696: checking whether gcc accepts -g
configure:2716: gcc -c -g  conftest.c >&5
configure:2716: $? = 0
configure:2757: result: yes
configure:2774: checking for gcc option to accept ISO C89
configure:2837: gcc  -c -g -O2  conftest.c >&5
configure:2837: $? = 0
configure:2850: result: none needed
configure:2876: checking how to run the C preprocessor
configure:2907: gcc -E  conftest.c
configure:2907: $? = 0
configure:2921: gcc -E  conftest.c
conftest.c:9:28: fatal error: ac_nonexistent.h: No such file or directory
 #include <ac_nonexistent.h>
                            ^
compilation terminated.
configure:2921: $? = 1
configure: failed program was:
| /* confdefs.h */
| #define PACKAGE_NAME "motion"
| #define PACKAGE_TARNAME "motion"
| #define PACKAGE_VERSION "4.2.2"
| #define PACKAGE_STRING "motion 4.2.2"
| #define PACKAGE_BUGREPORT ""
| #define PACKAGE_URL ""
| /* end confdefs.h.  */
| #include <ac_nonexistent.h>
configure:2946: result: gcc -E
configure:2966: gcc -E  conftest.c
configure:2966: $? = 0
configure:2980: gcc -E  conftest.c
conftest.c:9:28: fatal error: ac_nonexistent.h: No such file or directory
 #include <ac_nonexistent.h>
                            ^
compilation terminated.
configure:2980: $? = 1
configure: failed program was:
| /* confdefs.h */
| #define PACKAGE_NAME "motion"
| #define PACKAGE_TARNAME "motion"
| #define PACKAGE_VERSION "4.2.2"
| #define PACKAGE_STRING "motion 4.2.2"
| #define PACKAGE_BUGREPORT ""
| #define PACKAGE_URL ""
| /* end confdefs.h.  */
| #include <ac_nonexistent.h>
configure:3009: checking for grep that handles long lines and -e
configure:3067: result: /bin/grep
configure:3072: checking for egrep
configure:3134: result: /bin/grep -E
configure:3139: checking for ANSI C header files
configure:3159: gcc -c -g -O2  conftest.c >&5
configure:3159: $? = 0
configure:3232: gcc -o conftest -g -O2   conftest.c  >&5
configure:3232: $? = 0
configure:3232: ./conftest
configure:3232: $? = 0
configure:3243: result: yes
configure:3256: checking for sys/types.h
configure:3256: gcc -c -g -O2  conftest.c >&5
configure:3256: $? = 0
configure:3256: result: yes
configure:3256: checking for sys/stat.h
configure:3256: gcc -c -g -O2  conftest.c >&5
configure:3256: $? = 0
configure:3256: result: yes
configure:3256: checking for stdlib.h
configure:3256: gcc -c -g -O2  conftest.c >&5
configure:3256: $? = 0
configure:3256: result: yes
configure:3256: checking for string.h
configure:3256: gcc -c -g -O2  conftest.c >&5
configure:3256: $? = 0
configure:3256: result: yes
configure:3256: checking for memory.h
configure:3256: gcc -c -g -O2  conftest.c >&5
configure:3256: $? = 0
configure:3256: result: yes
configure:3256: checking for strings.h
configure:3256: gcc -c -g -O2  conftest.c >&5
configure:3256: $? = 0
configure:3256: result: yes
configure:3256: checking for inttypes.h
configure:3256: gcc -c -g -O2  conftest.c >&5
configure:3256: $? = 0
configure:3256: result: yes
configure:3256: checking for stdint.h
configure:3256: gcc -c -g -O2  conftest.c >&5
configure:3256: $? = 0
configure:3256: result: yes
configure:3256: checking for unistd.h
configure:3256: gcc -c -g -O2  conftest.c >&5
configure:3256: $? = 0
configure:3256: result: yes
configure:3269: checking minix/config.h usability
configure:3269: gcc -c -g -O2  conftest.c >&5
conftest.c:52:26: fatal error: minix/config.h: No such file or directory
 #include <minix/config.h>
                          ^
compilation terminated.
configure:3269: $? = 1
configure: failed program was:
| /* confdefs.h */
| #define PACKAGE_NAME "motion"
| #define PACKAGE_TARNAME "motion"
| #define PACKAGE_VERSION "4.2.2"
| #define PACKAGE_STRING "motion 4.2.2"
| #define PACKAGE_BUGREPORT ""
| #define PACKAGE_URL ""
| #define STDC_HEADERS 1
| #define HAVE_SYS_TYPES_H 1
| #define HAVE_SYS_STAT_H 1
| #define HAVE_STDLIB_H 1
| #define HAVE_STRING_H 1
| #define HAVE_MEMORY_H 1
| #define HAVE_STRINGS_H 1
| #define HAVE_INTTYPES_H 1
| #define HAVE_STDINT_H 1
| #define HAVE_UNISTD_H 1
| /* end confdefs.h.  */
| #include <stdio.h>
| #ifdef HAVE_SYS_TYPES_H
| # include <sys/types.h>
| #endif
| #ifdef HAVE_SYS_STAT_H
| # include <sys/stat.h>
| #endif
| #ifdef STDC_HEADERS
| # include <stdlib.h>
| # include <stddef.h>
| #else
| # ifdef HAVE_STDLIB_H
| #  include <stdlib.h>
| # endif
| #endif
| #ifdef HAVE_STRING_H
| # if !defined STDC_HEADERS && defined HAVE_MEMORY_H
| #  include <memory.h>
| # endif
| # include <string.h>
| #endif
| #ifdef HAVE_STRINGS_H
| # include <strings.h>
| #endif
| #ifdef HAVE_INTTYPES_H
| # include <inttypes.h>
| #endif
| #ifdef HAVE_STDINT_H
| # include <stdint.h>
| #endif
| #ifdef HAVE_UNISTD_H
| # include <unistd.h>
| #endif
| #include <minix/config.h>
configure:3269: result: no
configure:3269: checking minix/config.h presence
configure:3269: gcc -E  conftest.c
conftest.c:19:26: fatal error: minix/config.h: No such file or directory
 #include <minix/config.h>
                          ^
compilation terminated.
configure:3269: $? = 1
configure: failed program was:
| /* confdefs.h */
| #define PACKAGE_NAME "motion"
| #define PACKAGE_TARNAME "motion"
| #define PACKAGE_VERSION "4.2.2"
| #define PACKAGE_STRING "motion 4.2.2"
| #define PACKAGE_BUGREPORT ""
| #define PACKAGE_URL ""
| #define STDC_HEADERS 1
| #define HAVE_SYS_TYPES_H 1
| #define HAVE_SYS_STAT_H 1
| #define HAVE_STDLIB_H 1
| #define HAVE_STRING_H 1
| #define HAVE_MEMORY_H 1
| #define HAVE_STRINGS_H 1
| #define HAVE_INTTYPES_H 1
| #define HAVE_STDINT_H 1
| #define HAVE_UNISTD_H 1
| /* end confdefs.h.  */
| #include <minix/config.h>
configure:3269: result: no
configure:3269: checking for minix/config.h
configure:3269: result: no
configure:3290: checking whether it is safe to define __EXTENSIONS__
configure:3308: gcc -c -g -O2  conftest.c >&5
configure:3308: $? = 0
configure:3315: result: yes
configure:3381: checking for gcc
configure:3408: result: gcc
configure:3637: checking for C compiler version
configure:3646: gcc --version >&5
gcc (Raspbian 6.3.0-18+rpi1+deb9u1) 6.3.0 20170516
Copyright (C) 2016 Free Software Foundation, Inc.
This is free software; see the source for copying conditions.  There is NO
warranty; not even for MERCHANTABILITY or FITNESS FOR A PARTICULAR PURPOSE.

configure:3657: $? = 0
configure:3646: gcc -v >&5
Using built-in specs.
COLLECT_GCC=gcc
COLLECT_LTO_WRAPPER=/usr/lib/gcc/arm-linux-gnueabihf/6/lto-wrapper
Target: arm-linux-gnueabihf
Configured with: ../src/configure -v --with-pkgversion='Raspbian 6.3.0-18+rpi1+deb9u1' --with-bugurl=file:///usr/share/doc/gcc-6/README.Bugs --enable-languages=c,ada,c++,java,go,d,fortran,objc,obj-c++ --prefix=/usr --program-suffix=-6 --program-prefix=arm-linux-gnueabihf- --enable-shared --enable-linker-build-id --libexecdir=/usr/lib --without-included-gettext --enable-threads=posix --libdir=/usr/lib --enable-nls --with-sysroot=/ --enable-clocale=gnu --enable-libstdcxx-debug --enable-libstdcxx-time=yes --with-default-libstdcxx-abi=new --enable-gnu-unique-object --disable-libitm --disable-libquadmath --enable-plugin --with-system-zlib --disable-browser-plugin --enable-java-awt=gtk --enable-gtk-cairo --with-java-home=/usr/lib/jvm/java-1.5.0-gcj-6-armhf/jre --enable-java-home --with-jvm-root-dir=/usr/lib/jvm/java-1.5.0-gcj-6-armhf --with-jvm-jar-dir=/usr/lib/jvm-exports/java-1.5.0-gcj-6-armhf --with-arch-directory=arm --with-ecj-jar=/usr/share/java/eclipse-ecj.jar --with-target-system-zlib --enable-objc-gc=auto --enable-multiarch --disable-sjlj-exceptions --with-arch=armv6 --with-fpu=vfp --with-float=hard --enable-checking=release --build=arm-linux-gnueabihf --host=arm-linux-gnueabihf --target=arm-linux-gnueabihf
Thread model: posix
gcc version 6.3.0 20170516 (Raspbian 6.3.0-18+rpi1+deb9u1) 
configure:3657: $? = 0
configure:3646: gcc -V >&5
gcc: error: unrecognized command line option '-V'
gcc: fatal error: no input files
compilation terminated.
configure:3657: $? = 1
configure:3646: gcc -qversion >&5
gcc: error: unrecognized command line option '-qversion'; did you mean '--version'?
gcc: fatal error: no input files
compilation terminated.
configure:3657: $? = 1
configure:3661: checking whether we are using the GNU C compiler
configure:3689: result: yes
configure:3698: checking whether gcc accepts -g
configure:3759: result: yes
configure:3776: checking for gcc option to accept ISO C89
configure:3852: result: none needed
configure:3872: checking for ANSI C header files
configure:3976: result: yes
configure:3984: checking for an ANSI C-conforming const
configure:4050: gcc -c -g -O2  conftest.c >&5
configure:4050: $? = 0
configure:4057: result: yes
configure:4070: checking for Darwin/BSD
configure:4085: result: no
configure:4204: checking linux/videodev2.h usability
configure:4204: gcc -c  -g -O2   conftest.c >&5
configure:4204: $? = 0
configure:4204: result: yes
configure:4204: checking linux/videodev2.h presence
configure:4204: gcc -E   conftest.c
configure:4204: $? = 0
configure:4204: result: yes
configure:4204: checking for linux/videodev2.h
configure:4204: result: yes
configure:4260: checking for pthread_setname_np
configure:4275: gcc -o conftest  -g -O2     conftest.c -lm  -pthread >&5
configure:4275: $? = 0
configure:4279: result: yes
configure:4291: checking for pthread_getname_np
configure:4304: gcc -o conftest  -g -O2     conftest.c -lm  -pthread >&5
configure:4304: $? = 0
configure:4308: result: yes
configure:4323: checking for XSI strerror_r
configure:4339: gcc -o conftest  -g -O2 -Werror     conftest.c  >&5
conftest.c: In function 'main':
conftest.c:34:17: error: initialization makes integer from pointer without a cast [-Werror=int-conversion]
       int ret = strerror_r(ENOMEM, buf, sizeof(buf));
                 ^~~~~~~~~~
cc1: all warnings being treated as errors
configure:4339: $? = 1
configure: failed program was:
| /* confdefs.h */
| #define PACKAGE_NAME "motion"
| #define PACKAGE_TARNAME "motion"
| #define PACKAGE_VERSION "4.2.2"
| #define PACKAGE_STRING "motion 4.2.2"
| #define PACKAGE_BUGREPORT ""
| #define PACKAGE_URL ""
| #define STDC_HEADERS 1
| #define HAVE_SYS_TYPES_H 1
| #define HAVE_SYS_STAT_H 1
| #define HAVE_STDLIB_H 1
| #define HAVE_STRING_H 1
| #define HAVE_MEMORY_H 1
| #define HAVE_STRINGS_H 1
| #define HAVE_INTTYPES_H 1
| #define HAVE_STDINT_H 1
| #define HAVE_UNISTD_H 1
| #define __EXTENSIONS__ 1
| #define _ALL_SOURCE 1
| #define _GNU_SOURCE 1
| #define _POSIX_PTHREAD_SEMANTICS 1
| #define _TANDEM_SOURCE 1
| #define STDC_HEADERS 1
| #define HAVE_LINUX_VIDEODEV2_H 1
| #define HAVE_V4L2 1
| #define HAVE_PTHREAD_SETNAME_NP 1
| #define HAVE_PTHREAD_GETNAME_NP 1
| /* end confdefs.h.  */
| 
|     #include <string.h>
|     #include <errno.h>
|     int main(int argc, char** argv) {
|       char buf[1024];
|       int ret = strerror_r(ENOMEM, buf, sizeof(buf));
|       return ret;
|     }
| 
configure:4346: result: no
configure:4359: checking libintl.h usability
configure:4359: gcc -c  -g -O2   conftest.c >&5
configure:4359: $? = 0
configure:4359: result: yes
configure:4359: checking libintl.h presence
configure:4359: gcc -E   conftest.c
configure:4359: $? = 0
configure:4359: result: yes
configure:4359: checking for libintl.h
configure:4359: result: yes
configure:4388: gcc -o conftest      conftest.c  >&5
configure:4388: $? = 0
configure:4446: checking Native language support
configure:4448: result: yes
configure:4459: checking setjmp.h usability
configure:4459: gcc -c  -g -O2   conftest.c >&5
configure:4459: $? = 0
configure:4459: result: yes
configure:4459: checking setjmp.h presence
configure:4459: gcc -E   conftest.c
configure:4459: $? = 0
configure:4459: result: yes
configure:4459: checking for setjmp.h
configure:4459: result: yes
configure:4459: checking jerror.h usability
configure:4459: gcc -c  -g -O2   conftest.c >&5
configure:4459: $? = 0
configure:4459: result: yes
configure:4459: checking jerror.h presence
configure:4459: gcc -E   conftest.c
configure:4459: $? = 0
configure:4459: result: yes
configure:4459: checking for jerror.h
configure:4459: result: yes
configure:4459: checking jpeglib.h usability
configure:4459: gcc -c  -g -O2   conftest.c >&5
configure:4459: $? = 0
configure:4459: result: yes
configure:4459: checking jpeglib.h presence
configure:4459: gcc -E   conftest.c
configure:4459: $? = 0
configure:4459: result: yes
configure:4459: checking for jpeglib.h
configure:4459: result: yes
configure:4471: checking jpg libraries
configure:4473: result: yes
configure:4486: checking microhttpd.h usability
configure:4486: gcc -c  -g -O2   conftest.c >&5
configure:4486: $? = 0
configure:4486: result: yes
configure:4486: checking microhttpd.h presence
configure:4486: gcc -E   conftest.c
configure:4486: $? = 0
configure:4486: result: yes
configure:4486: checking for microhttpd.h
configure:4486: result: yes
configure:4498: checking libmicrohttpd libraries
configure:4500: result: yes
configure:4513: checking for pkg-config
configure:4529: found /usr/bin/pkg-config
configure:4541: result: yes
configure:4576: checking for libwebp
configure:4588: result: not found
configure:4686: checking for libavformat
configure:4688: result: yes 57.56.101
configure:4741: checking sqlite3.h usability
configure:4741: gcc -c  -g -O2   conftest.c >&5
conftest.c:70:21: fatal error: sqlite3.h: No such file or directory
 #include <sqlite3.h>
                     ^
compilation terminated.
configure:4741: $? = 1
configure: failed program was:
| /* confdefs.h */
| #define PACKAGE_NAME "motion"
| #define PACKAGE_TARNAME "motion"
| #define PACKAGE_VERSION "4.2.2"
| #define PACKAGE_STRING "motion 4.2.2"
| #define PACKAGE_BUGREPORT ""
| #define PACKAGE_URL ""
| #define STDC_HEADERS 1
| #define HAVE_SYS_TYPES_H 1
| #define HAVE_SYS_STAT_H 1
| #define HAVE_STDLIB_H 1
| #define HAVE_STRING_H 1
| #define HAVE_MEMORY_H 1
| #define HAVE_STRINGS_H 1
| #define HAVE_INTTYPES_H 1
| #define HAVE_STDINT_H 1
| #define HAVE_UNISTD_H 1
| #define __EXTENSIONS__ 1
| #define _ALL_SOURCE 1
| #define _GNU_SOURCE 1
| #define _POSIX_PTHREAD_SEMANTICS 1
| #define _TANDEM_SOURCE 1
| #define STDC_HEADERS 1
| #define HAVE_LINUX_VIDEODEV2_H 1
| #define HAVE_V4L2 1
| #define HAVE_PTHREAD_SETNAME_NP 1
| #define HAVE_PTHREAD_GETNAME_NP 1
| #define HAVE_LIBINTL_H 1
| #define HAVE_INTL 1
| #define HAVE_SETJMP_H 1
| #define HAVE_JERROR_H 1
| #define HAVE_JPEGLIB_H 1
| #define HAVE_MICROHTTPD_H 1
| #define HAVE_MMAL 1
| #define HAVE_FFMPEG 1
| /* end confdefs.h.  */
| #include <stdio.h>
| #ifdef HAVE_SYS_TYPES_H
| # include <sys/types.h>
| #endif
| #ifdef HAVE_SYS_STAT_H
| # include <sys/stat.h>
| #endif
| #ifdef STDC_HEADERS
| # include <stdlib.h>
| # include <stddef.h>
| #else
| # ifdef HAVE_STDLIB_H
| #  include <stdlib.h>
| # endif
| #endif
| #ifdef HAVE_STRING_H
| # if !defined STDC_HEADERS && defined HAVE_MEMORY_H
| #  include <memory.h>
| # endif
| # include <string.h>
| #endif
| #ifdef HAVE_STRINGS_H
| # include <strings.h>
| #endif
| #ifdef HAVE_INTTYPES_H
| # include <inttypes.h>
| #endif
| #ifdef HAVE_STDINT_H
| # include <stdint.h>
| #endif
| #ifdef HAVE_UNISTD_H
| # include <unistd.h>
| #endif
| #include <sqlite3.h>
configure:4741: result: no
configure:4741: checking sqlite3.h presence
configure:4741: gcc -E   conftest.c
conftest.c:37:21: fatal error: sqlite3.h: No such file or directory
 #include <sqlite3.h>
                     ^
compilation terminated.
configure:4741: $? = 1
configure: failed program was:
| /* confdefs.h */
| #define PACKAGE_NAME "motion"
| #define PACKAGE_TARNAME "motion"
| #define PACKAGE_VERSION "4.2.2"
| #define PACKAGE_STRING "motion 4.2.2"
| #define PACKAGE_BUGREPORT ""
| #define PACKAGE_URL ""
| #define STDC_HEADERS 1
| #define HAVE_SYS_TYPES_H 1
| #define HAVE_SYS_STAT_H 1
| #define HAVE_STDLIB_H 1
| #define HAVE_STRING_H 1
| #define HAVE_MEMORY_H 1
| #define HAVE_STRINGS_H 1
| #define HAVE_INTTYPES_H 1
| #define HAVE_STDINT_H 1
| #define HAVE_UNISTD_H 1
| #define __EXTENSIONS__ 1
| #define _ALL_SOURCE 1
| #define _GNU_SOURCE 1
| #define _POSIX_PTHREAD_SEMANTICS 1
| #define _TANDEM_SOURCE 1
| #define STDC_HEADERS 1
| #define HAVE_LINUX_VIDEODEV2_H 1
| #define HAVE_V4L2 1
| #define HAVE_PTHREAD_SETNAME_NP 1
| #define HAVE_PTHREAD_GETNAME_NP 1
| #define HAVE_LIBINTL_H 1
| #define HAVE_INTL 1
| #define HAVE_SETJMP_H 1
| #define HAVE_JERROR_H 1
| #define HAVE_JPEGLIB_H 1
| #define HAVE_MICROHTTPD_H 1
| #define HAVE_MMAL 1
| #define HAVE_FFMPEG 1
| /* end confdefs.h.  */
| #include <sqlite3.h>
configure:4741: result: no
configure:4741: checking for sqlite3.h
configure:4741: result: no
configure:4798: checking for db package config
configure:4811: result: not found
configure:4814: checking for mysql headers
configure:4843: result: not found
configure:4853: checking for mysql libs
configure:4869: result: 
configure:4897: checking for mysql_init in -lmysqlclient
configure:4922: gcc -o conftest      conftest.c -lmysqlclient   -lmysqlclient -lz >&5
/usr/bin/ld: cannot find -lmysqlclient
/usr/bin/ld: cannot find -lmysqlclient
collect2: error: ld returned 1 exit status
configure:4922: $? = 1
configure: failed program was:
| /* confdefs.h */
| #define PACKAGE_NAME "motion"
| #define PACKAGE_TARNAME "motion"
| #define PACKAGE_VERSION "4.2.2"
| #define PACKAGE_STRING "motion 4.2.2"
| #define PACKAGE_BUGREPORT ""
| #define PACKAGE_URL ""
| #define STDC_HEADERS 1
| #define HAVE_SYS_TYPES_H 1
| #define HAVE_SYS_STAT_H 1
| #define HAVE_STDLIB_H 1
| #define HAVE_STRING_H 1
| #define HAVE_MEMORY_H 1
| #define HAVE_STRINGS_H 1
| #define HAVE_INTTYPES_H 1
| #define HAVE_STDINT_H 1
| #define HAVE_UNISTD_H 1
| #define __EXTENSIONS__ 1
| #define _ALL_SOURCE 1
| #define _GNU_SOURCE 1
| #define _POSIX_PTHREAD_SEMANTICS 1
| #define _TANDEM_SOURCE 1
| #define STDC_HEADERS 1
| #define HAVE_LINUX_VIDEODEV2_H 1
| #define HAVE_V4L2 1
| #define HAVE_PTHREAD_SETNAME_NP 1
| #define HAVE_PTHREAD_GETNAME_NP 1
| #define HAVE_LIBINTL_H 1
| #define HAVE_INTL 1
| #define HAVE_SETJMP_H 1
| #define HAVE_JERROR_H 1
| #define HAVE_JPEGLIB_H 1
| #define HAVE_MICROHTTPD_H 1
| #define HAVE_MMAL 1
| #define HAVE_FFMPEG 1
| /* end confdefs.h.  */
| 
| /* Override any GCC internal prototype to avoid an error.
|    Use char because int might match the return type of a GCC
|    builtin and then its argument prototype would still apply.  */
| #ifdef __cplusplus
| extern "C"
| #endif
| char mysql_init ();
| int
| main ()
| {
| return mysql_init ();
|   ;
|   return 0;
| }
configure:4931: result: no
configure:4983: checking for pgsql package config
configure:4991: result: not found
configure:4994: checking for pgsql headers
configure:5025: result: not found
configure:5035: checking for pgsql libs
configure:5051: result: 
configure:5079: checking for PQconnectStart in -lpq
configure:5104: gcc -o conftest      conftest.c -lpq   -lpq >&5
/usr/bin/ld: cannot find -lpq
/usr/bin/ld: cannot find -lpq
collect2: error: ld returned 1 exit status
configure:5104: $? = 1
configure: failed program was:
| /* confdefs.h */
| #define PACKAGE_NAME "motion"
| #define PACKAGE_TARNAME "motion"
| #define PACKAGE_VERSION "4.2.2"
| #define PACKAGE_STRING "motion 4.2.2"
| #define PACKAGE_BUGREPORT ""
| #define PACKAGE_URL ""
| #define STDC_HEADERS 1
| #define HAVE_SYS_TYPES_H 1
| #define HAVE_SYS_STAT_H 1
| #define HAVE_STDLIB_H 1
| #define HAVE_STRING_H 1
| #define HAVE_MEMORY_H 1
| #define HAVE_STRINGS_H 1
| #define HAVE_INTTYPES_H 1
| #define HAVE_STDINT_H 1
| #define HAVE_UNISTD_H 1
| #define __EXTENSIONS__ 1
| #define _ALL_SOURCE 1
| #define _GNU_SOURCE 1
| #define _POSIX_PTHREAD_SEMANTICS 1
| #define _TANDEM_SOURCE 1
| #define STDC_HEADERS 1
| #define HAVE_LINUX_VIDEODEV2_H 1
| #define HAVE_V4L2 1
| #define HAVE_PTHREAD_SETNAME_NP 1
| #define HAVE_PTHREAD_GETNAME_NP 1
| #define HAVE_LIBINTL_H 1
| #define HAVE_INTL 1
| #define HAVE_SETJMP_H 1
| #define HAVE_JERROR_H 1
| #define HAVE_JPEGLIB_H 1
| #define HAVE_MICROHTTPD_H 1
| #define HAVE_MMAL 1
| #define HAVE_FFMPEG 1
| /* end confdefs.h.  */
| 
| /* Override any GCC internal prototype to avoid an error.
|    Use char because int might match the return type of a GCC
|    builtin and then its argument prototype would still apply.  */
| #ifdef __cplusplus
| extern "C"
| #endif
| char PQconnectStart ();
| int
| main ()
| {
| return PQconnectStart ();
|   ;
|   return 0;
| }
configure:5113: result: no
configure:5194: checking stdio.h usability
configure:5194: gcc -c  -g -O2 -D_THREAD_SAFE    conftest.c >&5
configure:5194: $? = 0
configure:5194: result: yes
configure:5194: checking stdio.h presence
configure:5194: gcc -E   conftest.c
configure:5194: $? = 0
configure:5194: result: yes
configure:5194: checking for stdio.h
configure:5194: result: yes
configure:5194: checking for unistd.h
configure:5194: result: yes
configure:5194: checking for stdint.h
configure:5194: result: yes
configure:5194: checking fcntl.h usability
configure:5194: gcc -c  -g -O2 -D_THREAD_SAFE    conftest.c >&5
configure:5194: $? = 0
configure:5194: result: yes
configure:5194: checking fcntl.h presence
configure:5194: gcc -E   conftest.c
configure:5194: $? = 0
configure:5194: result: yes
configure:5194: checking for fcntl.h
configure:5194: result: yes
configure:5194: checking time.h usability
configure:5194: gcc -c  -g -O2 -D_THREAD_SAFE    conftest.c >&5
configure:5194: $? = 0
configure:5194: result: yes
configure:5194: checking time.h presence
configure:5194: gcc -E   conftest.c
configure:5194: $? = 0
configure:5194: result: yes
configure:5194: checking for time.h
configure:5194: result: yes
configure:5194: checking signal.h usability
configure:5194: gcc -c  -g -O2 -D_THREAD_SAFE    conftest.c >&5
configure:5194: $? = 0
configure:5194: result: yes
configure:5194: checking signal.h presence
configure:5194: gcc -E   conftest.c
configure:5194: $? = 0
configure:5194: result: yes
configure:5194: checking for signal.h
configure:5194: result: yes
configure:5194: checking sys/ioctl.h usability
configure:5194: gcc -c  -g -O2 -D_THREAD_SAFE    conftest.c >&5
configure:5194: $? = 0
configure:5194: result: yes
configure:5194: checking sys/ioctl.h presence
configure:5194: gcc -E   conftest.c
configure:5194: $? = 0
configure:5194: result: yes
configure:5194: checking for sys/ioctl.h
configure:5194: result: yes
configure:5194: checking sys/mman.h usability
configure:5194: gcc -c  -g -O2 -D_THREAD_SAFE    conftest.c >&5
configure:5194: $? = 0
configure:5194: result: yes
configure:5194: checking sys/mman.h presence
configure:5194: gcc -E   conftest.c
configure:5194: $? = 0
configure:5194: result: yes
configure:5194: checking for sys/mman.h
configure:5194: result: yes
configure:5194: checking sys/param.h usability
configure:5194: gcc -c  -g -O2 -D_THREAD_SAFE    conftest.c >&5
configure:5194: $? = 0
configure:5194: result: yes
configure:5194: checking sys/param.h presence
configure:5194: gcc -E   conftest.c
configure:5194: $? = 0
configure:5194: result: yes
configure:5194: checking for sys/param.h
configure:5194: result: yes
configure:5194: checking for sys/types.h
configure:5194: result: yes
configure:5325: creating ./config.status

## ---------------------- ##
## Running config.status. ##
## ---------------------- ##

This file was extended by motion config.status 4.2.2, which was
generated by GNU Autoconf 2.69.  Invocation command line was

  CONFIG_FILES    = 
  CONFIG_HEADERS  = 
  CONFIG_LINKS    = 
  CONFIG_COMMANDS = 
  $ ./config.status 

on amya1108eae

config.status:848: creating camera1-dist.conf
config.status:848: creating camera2-dist.conf
config.status:848: creating camera3-dist.conf
config.status:848: creating camera4-dist.conf
config.status:848: creating motion-dist.conf
config.status:848: creating motion.init-FreeBSD.sh
config.status:848: creating motion.init-Debian
config.status:848: creating motion.service
config.status:848: creating motion.spec
config.status:848: creating Makefile
config.status:848: creating config.h

## ---------------- ##
## Cache variables. ##
## ---------------- ##

ac_cv_c_compiler_gnu=yes
ac_cv_c_const=yes
ac_cv_env_CC_set=
ac_cv_env_CC_value=
ac_cv_env_CFLAGS_set=
ac_cv_env_CFLAGS_value=
ac_cv_env_CPPFLAGS_set=
ac_cv_env_CPPFLAGS_value=
ac_cv_env_CPP_set=
ac_cv_env_CPP_value=
ac_cv_env_LDFLAGS_set=
ac_cv_env_LDFLAGS_value=
ac_cv_env_LIBS_set=
ac_cv_env_LIBS_value=
ac_cv_env_build_alias_set=
ac_cv_env_build_alias_value=
ac_cv_env_host_alias_set=
ac_cv_env_host_alias_value=
ac_cv_env_target_alias_set=
ac_cv_env_target_alias_value=
ac_cv_header_fcntl_h=yes
ac_cv_header_inttypes_h=yes
ac_cv_header_jerror_h=yes
ac_cv_header_jpeglib_h=yes
ac_cv_header_libintl_h=yes
ac_cv_header_linux_videodev2_h=yes
ac_cv_header_memory_h=yes
ac_cv_header_microhttpd_h=yes
ac_cv_header_minix_config_h=no
ac_cv_header_setjmp_h=yes
ac_cv_header_signal_h=yes
ac_cv_header_sqlite3_h=no
ac_cv_header_stdc=yes
ac_cv_header_stdint_h=yes
ac_cv_header_stdio_h=yes
ac_cv_header_stdlib_h=yes
ac_cv_header_string_h=yes
ac_cv_header_strings_h=yes
ac_cv_header_sys_ioctl_h=yes
ac_cv_header_sys_mman_h=yes
ac_cv_header_sys_param_h=yes
ac_cv_header_sys_stat_h=yes
ac_cv_header_sys_types_h=yes
ac_cv_header_time_h=yes
ac_cv_header_unistd_h=yes
ac_cv_lib_mysqlclient_mysql_init=no
ac_cv_lib_pq_PQconnectStart=no
ac_cv_objext=o
ac_cv_path_EGREP='/bin/grep -E'
ac_cv_path_GREP=/bin/grep
ac_cv_prog_CPP='gcc -E'
ac_cv_prog_PKGCONFIG=yes
ac_cv_prog_ac_ct_CC=gcc
ac_cv_prog_cc_c89=
ac_cv_prog_cc_g=yes
ac_cv_safe_to_define___extensions__=yes

## ----------------- ##
## Output variables. ##
## ----------------- ##

BIN_PATH='/usr/local/bin'
CC='gcc'
CFLAGS=' -g -O2 -D_THREAD_SAFE '
CPP='gcc -E'
CPPFLAGS=' '
DEFS='-DHAVE_CONFIG_H'
DISTRO='Linux'
ECHO_C=''
ECHO_N='-n'
ECHO_T=''
EGREP='/bin/grep -E'
EXEEXT=''
FFMPEG_CFLAGS='-I/usr/include/arm-linux-gnueabihf  '
FFMPEG_LIBS='-lavutil -lavformat -lavcodec -lswscale  -lavdevice  '
FOUND_PKGCONFIG_FALSE='#'
FOUND_PKGCONFIG_TRUE=''
GREP='/bin/grep'
INTL='yes'
LANGCDS=' da de es fi fr it ja ko li nl no pt sv zh'
LDFLAGS=' '
LIBOBJS=''
LIBS='-lm  -pthread -ljpeg -lmicrohttpd '
LTLIBOBJS=''
MMAL_CFLAGS='-std=gnu99 -DHAVE_MMAL -Irasppicam -I/opt/vc/include'
MMAL_LIBS='-L/opt/vc/lib -lmmal_core -lmmal_util -Wl,--push-state,--no-as-needed -lmmal_vc_client -Wl,--pop-state -lvcos -lvchostif -lvchiq_arm'
MMAL_OBJ='mmalcam.o raspicam/RaspiCamControl.o raspicam/RaspiCLI.o'
OBJEXT='o'
PACKAGE_BUGREPORT=''
PACKAGE_NAME='motion'
PACKAGE_STRING='motion 4.2.2'
PACKAGE_TARNAME='motion'
PACKAGE_URL=''
PACKAGE_VERSION='4.2.2'
PATH_SEPARATOR=':'
PKGCONFIG='yes'
SHELL='/bin/bash'
SQLITE_OBJ=''
ac_ct_CC='gcc'
bindir='${exec_prefix}/bin'
build_alias=''
datadir='${datarootdir}'
datarootdir='${prefix}/share'
docdir='${datarootdir}/doc/${PACKAGE_TARNAME}'
dvidir='${docdir}'
exec_prefix='${prefix}'
host_alias=''
htmldir='${docdir}'
includedir='${prefix}/include'
infodir='${datarootdir}/info'
libdir='${exec_prefix}/lib'
libexecdir='${exec_prefix}/libexec'
localedir='${datarootdir}/locale'
localstatedir='${prefix}/var'
mandir='${datarootdir}/man'
oldincludedir='/usr/include'
pdfdir='${docdir}'
prefix='/usr/local'
program_transform_name='s,x,x,'
psdir='${docdir}'
runstatedir='${localstatedir}/run'
sbindir='${exec_prefix}/sbin'
sharedstatedir='${prefix}/com'
sysconfdir='${prefix}/etc'
target_alias=''

## ----------- ##
## confdefs.h. ##
## ----------- ##

/* confdefs.h */
#define PACKAGE_NAME "motion"
#define PACKAGE_TARNAME "motion"
#define PACKAGE_VERSION "4.2.2"
#define PACKAGE_STRING "motion 4.2.2"
#define PACKAGE_BUGREPORT ""
#define PACKAGE_URL ""
#define STDC_HEADERS 1
#define HAVE_SYS_TYPES_H 1
#define HAVE_SYS_STAT_H 1
#define HAVE_STDLIB_H 1
#define HAVE_STRING_H 1
#define HAVE_MEMORY_H 1
#define HAVE_STRINGS_H 1
#define HAVE_INTTYPES_H 1
#define HAVE_STDINT_H 1
#define HAVE_UNISTD_H 1
#define __EXTENSIONS__ 1
#define _ALL_SOURCE 1
#define _GNU_SOURCE 1
#define _POSIX_PTHREAD_SEMANTICS 1
#define _TANDEM_SOURCE 1
#define STDC_HEADERS 1
#define HAVE_LINUX_VIDEODEV2_H 1
#define HAVE_V4L2 1
#define HAVE_PTHREAD_SETNAME_NP 1
#define HAVE_PTHREAD_GETNAME_NP 1
#define HAVE_LIBINTL_H 1
#define HAVE_INTL 1
#define HAVE_SETJMP_H 1
#define HAVE_JERROR_H 1
#define HAVE_JPEGLIB_H 1
#define HAVE_MICROHTTPD_H 1
#define HAVE_MMAL 1
#define HAVE_FFMPEG 1
#define HAVE_STDIO_H 1
#define HAVE_UNISTD_H 1
#define HAVE_STDINT_H 1
#define HAVE_FCNTL_H 1
#define HAVE_TIME_H 1
#define HAVE_SIGNAL_H 1
#define HAVE_SYS_IOCTL_H 1
#define HAVE_SYS_MMAN_H 1
#define HAVE_SYS_PARAM_H 1
#define HAVE_SYS_TYPES_H 1

configure: exit 0
